[0.039s] Invoking command in '/home/nuc/ros2_arm/src/arm_packet/build/arm_packet': /usr/bin/cmake /home/nuc/ros2_arm/src/arm_packet -DCMAKE_INSTALL_PREFIX=/home/nuc/ros2_arm/src/arm_packet/install/arm_packet
[0.071s] -- Found ament_cmake: 1.1.3 (/home/nuc/ros2_rolling/install/ament_cmake/share/ament_cmake/cmake)
[0.443s] -- Using PYTHON_EXECUTABLE: /usr/bin/python3
[0.906s] -- Found rclcpp: 9.0.2 (/home/nuc/ros2_rolling/install/rclcpp/share/rclcpp/cmake)
[1.000s] -- Using all available rosidl_typesupport_c: rosidl_typesupport_introspection_c;rosidl_typesupport_fastrtps_c
[1.003s] -- Found rosidl_adapter: 2.2.1 (/home/nuc/ros2_rolling/install/rosidl_adapter/share/rosidl_adapter/cmake)
[1.220s] -- Using all available rosidl_typesupport_cpp: rosidl_typesupport_introspection_cpp;rosidl_typesupport_fastrtps_cpp
[1.274s] -- Found rmw_implementation_cmake: 3.3.0 (/home/nuc/ros2_rolling/install/rmw_implementation_cmake/share/rmw_implementation_cmake/cmake)
[1.305s] -- Found rmw_cyclonedds_cpp: 0.22.1 (/home/nuc/ros2_rolling/install/rmw_cyclonedds_cpp/share/rmw_cyclonedds_cpp/cmake)
[1.354s] -- Using RMW implementation 'rmw_cyclonedds_cpp' as default
[1.492s] -- Found sensor_msgs: 2.2.2 (/home/nuc/ros2_rolling/install/sensor_msgs/share/sensor_msgs/cmake)
[1.623s] -- Found dynamixel_sdk: 3.7.40 (/opt/ros/foxy/share/dynamixel_sdk/cmake)
[1.624s] CMake Error at CMakeLists.txt:22 (target_include_directories):
[1.624s]   Cannot specify include directories for target "my_target" which is not
[1.625s]   built by this project.
[1.625s] 
[1.625s] 
[1.625s] CMake Error at /home/nuc/ros2_rolling/install/ament_cmake_target_dependencies/share/ament_cmake_target_dependencies/cmake/ament_target_dependencies.cmake:42 (message):
[1.625s]   ament_target_dependencies() the first argument must be a valid target name
[1.625s] Call Stack (most recent call first):
[1.625s]   CMakeLists.txt:26 (ament_target_dependencies)
[1.625s] 
[1.625s] 
[1.626s] -- Configuring incomplete, errors occurred!
[1.627s] See also "/home/nuc/ros2_arm/src/arm_packet/build/arm_packet/CMakeFiles/CMakeOutput.log".
[1.627s] See also "/home/nuc/ros2_arm/src/arm_packet/build/arm_packet/CMakeFiles/CMakeError.log".
[1.633s] Invoked command in '/home/nuc/ros2_arm/src/arm_packet/build/arm_packet' returned '1': /usr/bin/cmake /home/nuc/ros2_arm/src/arm_packet -DCMAKE_INSTALL_PREFIX=/home/nuc/ros2_arm/src/arm_packet/install/arm_packet
