[0.038s] Invoking command in '/home/nuc/ros2_arm/src/arm_packet/build/arm_packet': /usr/bin/cmake /home/nuc/ros2_arm/src/arm_packet -DCMAKE_INSTALL_PREFIX=/home/nuc/ros2_arm/src/arm_packet/install/arm_packet
[0.069s] -- Found ament_cmake: 1.1.3 (/home/nuc/ros2_rolling/install/ament_cmake/share/ament_cmake/cmake)
[0.437s] -- Using PYTHON_EXECUTABLE: /usr/bin/python3
[0.907s] -- Found rclcpp: 9.0.2 (/home/nuc/ros2_rolling/install/rclcpp/share/rclcpp/cmake)
[1.002s] -- Using all available rosidl_typesupport_c: rosidl_typesupport_introspection_c;rosidl_typesupport_fastrtps_c
[1.005s] -- Found rosidl_adapter: 2.2.1 (/home/nuc/ros2_rolling/install/rosidl_adapter/share/rosidl_adapter/cmake)
[1.224s] -- Using all available rosidl_typesupport_cpp: rosidl_typesupport_introspection_cpp;rosidl_typesupport_fastrtps_cpp
[1.280s] -- Found rmw_implementation_cmake: 3.3.0 (/home/nuc/ros2_rolling/install/rmw_implementation_cmake/share/rmw_implementation_cmake/cmake)
[1.310s] -- Found rmw_cyclonedds_cpp: 0.22.1 (/home/nuc/ros2_rolling/install/rmw_cyclonedds_cpp/share/rmw_cyclonedds_cpp/cmake)
[1.357s] -- Using RMW implementation 'rmw_cyclonedds_cpp' as default
[1.498s] -- Found sensor_msgs: 2.2.2 (/home/nuc/ros2_rolling/install/sensor_msgs/share/sensor_msgs/cmake)
[1.615s] -- Found dynamixel_sdk: 3.7.40 (/opt/ros/foxy/share/dynamixel_sdk/cmake)
[1.617s] CMake Error at CMakeLists.txt:22 (target_include_directories):
[1.617s]   Cannot specify include directories for target "arm_packet" which is not
[1.617s]   built by this project.
[1.617s] 
[1.617s] 
[1.618s] CMake Error at /home/nuc/ros2_rolling/install/ament_cmake_target_dependencies/share/ament_cmake_target_dependencies/cmake/ament_target_dependencies.cmake:42 (message):
[1.618s]   ament_target_dependencies() the first argument must be a valid target name
[1.618s] Call Stack (most recent call first):
[1.618s]   CMakeLists.txt:26 (ament_target_dependencies)
[1.618s] 
[1.618s] 
[1.619s] -- Configuring incomplete, errors occurred!
[1.619s] See also "/home/nuc/ros2_arm/src/arm_packet/build/arm_packet/CMakeFiles/CMakeOutput.log".
[1.620s] See also "/home/nuc/ros2_arm/src/arm_packet/build/arm_packet/CMakeFiles/CMakeError.log".
[1.626s] Invoked command in '/home/nuc/ros2_arm/src/arm_packet/build/arm_packet' returned '1': /usr/bin/cmake /home/nuc/ros2_arm/src/arm_packet -DCMAKE_INSTALL_PREFIX=/home/nuc/ros2_arm/src/arm_packet/install/arm_packet
