[0.040s] Invoking command in '/home/nuc/ros2_arm/src/arm_packet/build/arm_packet': /usr/bin/cmake /home/nuc/ros2_arm/src/arm_packet -DCMAKE_INSTALL_PREFIX=/home/nuc/ros2_arm/src/arm_packet/install/arm_packet
[0.236s] -- The C compiler identification is GNU 9.3.0
[0.404s] -- The CXX compiler identification is GNU 9.3.0
[0.426s] -- Check for working C compiler: /usr/bin/cc
[0.548s] -- Check for working C compiler: /usr/bin/cc -- works
[0.549s] -- Detecting C compiler ABI info
[0.663s] -- Detecting C compiler ABI info - done
[0.674s] -- Detecting C compile features
[0.675s] -- Detecting C compile features - done
[0.677s] -- Check for working CXX compiler: /usr/bin/c++
[0.801s] -- Check for working CXX compiler: /usr/bin/c++ -- works
[0.802s] -- Detecting CXX compiler ABI info
[0.927s] -- Detecting CXX compiler ABI info - done
[0.938s] -- Detecting CXX compile features
[0.939s] -- Detecting CXX compile features - done
[0.959s] -- Found ament_cmake: 1.1.3 (/home/nuc/ros2_rolling/install/ament_cmake/share/ament_cmake/cmake)
[1.363s] -- Found PythonInterp: /usr/bin/python3 (found suitable version "3.8.5", minimum required is "3") 
[1.363s] -- Using PYTHON_EXECUTABLE: /usr/bin/python3
[2.045s] -- Found rclcpp: 9.0.2 (/home/nuc/ros2_rolling/install/rclcpp/share/rclcpp/cmake)
[2.281s] -- Using all available rosidl_typesupport_c: rosidl_typesupport_introspection_c;rosidl_typesupport_fastrtps_c
[2.322s] -- Found rosidl_adapter: 2.2.1 (/home/nuc/ros2_rolling/install/rosidl_adapter/share/rosidl_adapter/cmake)
[2.592s] -- Found OpenSSL: /usr/lib/x86_64-linux-gnu/libcrypto.so (found version "1.1.1f")  
[2.650s] -- Found FastRTPS: /home/nuc/ros2_rolling/install/fastrtps/include  
[2.842s] -- Using all available rosidl_typesupport_cpp: rosidl_typesupport_introspection_cpp;rosidl_typesupport_fastrtps_cpp
[3.005s] -- Found rmw_implementation_cmake: 3.3.0 (/home/nuc/ros2_rolling/install/rmw_implementation_cmake/share/rmw_implementation_cmake/cmake)
[3.050s] -- Found rmw_cyclonedds_cpp: 0.22.1 (/home/nuc/ros2_rolling/install/rmw_cyclonedds_cpp/share/rmw_cyclonedds_cpp/cmake)
[3.111s] -- Using RMW implementation 'rmw_cyclonedds_cpp' as default
[3.113s] -- Looking for pthread.h
[3.236s] -- Looking for pthread.h - found
[3.236s] -- Performing Test CMAKE_HAVE_LIBC_PTHREAD
[3.358s] -- Performing Test CMAKE_HAVE_LIBC_PTHREAD - Failed
[3.358s] -- Looking for pthread_create in pthreads
[3.481s] -- Looking for pthread_create in pthreads - not found
[3.481s] -- Looking for pthread_create in pthread
[3.597s] -- Looking for pthread_create in pthread - found
[3.598s] -- Found Threads: TRUE  
[3.806s] -- Found sensor_msgs: 2.2.2 (/home/nuc/ros2_rolling/install/sensor_msgs/share/sensor_msgs/cmake)
[3.963s] CMake Error at CMakeLists.txt:16 (find_package):
[3.963s]   By not providing "Finddynamixel_sdk.cmake" in CMAKE_MODULE_PATH this
[3.963s]   project has asked CMake to find a package configuration file provided by
[3.963s]   "dynamixel_sdk", but CMake did not find one.
[3.963s] 
[3.964s]   Could not find a package configuration file provided by "dynamixel_sdk"
[3.964s]   with any of the following names:
[3.964s] 
[3.964s]     dynamixel_sdkConfig.cmake
[3.964s]     dynamixel_sdk-config.cmake
[3.964s] 
[3.964s]   Add the installation prefix of "dynamixel_sdk" to CMAKE_PREFIX_PATH or set
[3.964s]   "dynamixel_sdk_DIR" to a directory containing one of the above files.  If
[3.964s]   "dynamixel_sdk" provides a separate development package or SDK, be sure it
[3.964s]   has been installed.
[3.964s] 
[3.964s] 
[3.965s] -- Configuring incomplete, errors occurred!
[3.965s] See also "/home/nuc/ros2_arm/src/arm_packet/build/arm_packet/CMakeFiles/CMakeOutput.log".
[3.965s] See also "/home/nuc/ros2_arm/src/arm_packet/build/arm_packet/CMakeFiles/CMakeError.log".
[3.973s] Invoked command in '/home/nuc/ros2_arm/src/arm_packet/build/arm_packet' returned '1': /usr/bin/cmake /home/nuc/ros2_arm/src/arm_packet -DCMAKE_INSTALL_PREFIX=/home/nuc/ros2_arm/src/arm_packet/install/arm_packet
