[0.460s] DEBUG:colcon:Command line arguments: ['/usr/bin/colcon', 'build']
[0.461s] DEBUG:colcon:Parsed command line arguments: Namespace(ament_cmake_args=None, base_paths=['.'], build_base='build', catkin_cmake_args=None, catkin_skip_building_tests=False, cmake_args=None, cmake_clean_cache=False, cmake_clean_first=False, cmake_force_configure=False, cmake_target=None, cmake_target_skip_unavailable=False, continue_on_error=False, event_handlers=None, executor='parallel', ignore_user_meta=False, install_base='install', log_base=None, log_level=None, main=<bound method BuildVerb.main of <colcon_core.verb.build.BuildVerb object at 0x7f9f9959ee50>>, merge_install=False, metas=['./colcon.meta'], packages_above=None, packages_above_and_dependencies=None, packages_above_depth=None, packages_end=None, packages_ignore=None, packages_ignore_regex=None, packages_select=None, packages_select_build_failed=False, packages_select_by_dep=None, packages_select_regex=None, packages_select_test_failures=False, packages_skip=None, packages_skip_build_finished=False, packages_skip_by_dep=None, packages_skip_regex=None, packages_skip_test_passed=False, packages_skip_up_to=None, packages_start=None, packages_up_to=None, packages_up_to_regex=None, parallel_workers=4, paths=None, symlink_install=False, test_result_base=None, verb_extension=<colcon_core.verb.build.BuildVerb object at 0x7f9f9959ee50>, verb_name='build', verb_parser=<colcon_defaults.argument_parser.defaults.DefaultArgumentsDecorator object at 0x7f9f99533400>)
[0.471s] Level 1:colcon.colcon_core.package_discovery:discover_packages(colcon_meta) check parameters
[0.471s] Level 1:colcon.colcon_core.package_discovery:discover_packages(recursive) check parameters
[0.471s] Level 1:colcon.colcon_core.package_discovery:discover_packages(ignore) check parameters
[0.471s] Level 1:colcon.colcon_core.package_discovery:discover_packages(path) check parameters
[0.471s] Level 1:colcon.colcon_core.package_discovery:discover_packages(colcon_meta) discover
[0.472s] Level 1:colcon.colcon_core.package_discovery:discover_packages(recursive) discover
[0.472s] INFO:colcon.colcon_core.package_discovery:Crawling recursively for packages in '/home/nuc/ros2_arm/src/arm_packet'
[0.472s] Level 1:colcon.colcon_core.package_identification:_identify(.) by extensions ['ignore', 'ignore_ament_install']
[0.472s] Level 1:colcon.colcon_core.package_identification:_identify(.) by extension 'ignore'
[0.472s] Level 1:colcon.colcon_core.package_identification:_identify(.) by extension 'ignore_ament_install'
[0.472s] Level 1:colcon.colcon_core.package_identification:_identify(.) by extensions ['colcon_pkg']
[0.472s] Level 1:colcon.colcon_core.package_identification:_identify(.) by extension 'colcon_pkg'
[0.472s] Level 1:colcon.colcon_core.package_identification:_identify(.) by extensions ['colcon_meta']
[0.472s] Level 1:colcon.colcon_core.package_identification:_identify(.) by extension 'colcon_meta'
[0.472s] Level 1:colcon.colcon_core.package_identification:_identify(.) by extensions ['ros']
[0.472s] Level 1:colcon.colcon_core.package_identification:_identify(.) by extension 'ros'
[0.487s] DEBUG:colcon.colcon_core.package_identification:Package '.' with type 'ros.ament_cmake' and name 'arm_packet'
[0.487s] Level 1:colcon.colcon_core.package_discovery:discover_packages(recursive) using defaults
[0.487s] Level 1:colcon.colcon_core.package_discovery:discover_packages(ignore) discover
[0.487s] Level 1:colcon.colcon_core.package_discovery:discover_packages(ignore) using defaults
[0.487s] Level 1:colcon.colcon_core.package_discovery:discover_packages(path) discover
[0.487s] Level 1:colcon.colcon_core.package_discovery:discover_packages(path) using defaults
[0.522s] Level 5:colcon.colcon_core.verb:set package 'arm_packet' build argument 'cmake_args' from command line to 'None'
[0.522s] Level 5:colcon.colcon_core.verb:set package 'arm_packet' build argument 'cmake_target' from command line to 'None'
[0.522s] Level 5:colcon.colcon_core.verb:set package 'arm_packet' build argument 'cmake_target_skip_unavailable' from command line to 'False'
[0.522s] Level 5:colcon.colcon_core.verb:set package 'arm_packet' build argument 'cmake_clean_cache' from command line to 'False'
[0.522s] Level 5:colcon.colcon_core.verb:set package 'arm_packet' build argument 'cmake_clean_first' from command line to 'False'
[0.522s] Level 5:colcon.colcon_core.verb:set package 'arm_packet' build argument 'cmake_force_configure' from command line to 'False'
[0.522s] Level 5:colcon.colcon_core.verb:set package 'arm_packet' build argument 'ament_cmake_args' from command line to 'None'
[0.522s] Level 5:colcon.colcon_core.verb:set package 'arm_packet' build argument 'catkin_cmake_args' from command line to 'None'
[0.522s] Level 5:colcon.colcon_core.verb:set package 'arm_packet' build argument 'catkin_skip_building_tests' from command line to 'False'
[0.522s] DEBUG:colcon.colcon_core.verb:Building package 'arm_packet' with the following arguments: {'ament_cmake_args': None, 'build_base': '/home/nuc/ros2_arm/src/arm_packet/build/arm_packet', 'catkin_cmake_args': None, 'catkin_skip_building_tests': False, 'cmake_args': None, 'cmake_clean_cache': False, 'cmake_clean_first': False, 'cmake_force_configure': False, 'cmake_target': None, 'cmake_target_skip_unavailable': False, 'install_base': '/home/nuc/ros2_arm/src/arm_packet/install/arm_packet', 'merge_install': False, 'path': '/home/nuc/ros2_arm/src/arm_packet', 'symlink_install': False, 'test_result_base': None}
[0.522s] INFO:colcon.colcon_core.executor:Executing jobs using 'parallel' executor
[0.525s] DEBUG:colcon.colcon_parallel_executor.executor.parallel:run_until_complete
[0.525s] INFO:colcon.colcon_ros.task.ament_cmake.build:Building ROS package in '/home/nuc/ros2_arm/src/arm_packet' with build type 'ament_cmake'
[0.525s] INFO:colcon.colcon_cmake.task.cmake.build:Building CMake package in '/home/nuc/ros2_arm/src/arm_packet'
[0.532s] INFO:colcon.colcon_core.plugin_system:Skipping extension 'colcon_core.shell.bat': Not used on non-Windows systems
[0.532s] INFO:colcon.colcon_core.shell:Skip shell extension 'powershell' for command environment: Not usable outside of PowerShell
[0.532s] DEBUG:colcon.colcon_core.shell:Skip shell extension 'dsv' for command environment
[0.555s] DEBUG:colcon.colcon_core.shell:Ignoring prefix path '/opt/ros/foxy'
[0.568s] DEBUG:colcon.colcon_core.event_handler.log_command:Invoking command in '/home/nuc/ros2_arm/src/arm_packet/build/arm_packet': CMAKE_PREFIX_PATH=${CMAKE_PREFIX_PATH}:/home/nuc/ros2_rolling/install/rqt_bag_plugins:/home/nuc/ros2_rolling/install/rqt_bag:/home/nuc/ros2_rolling/install/ros2bag:/home/nuc/ros2_rolling/install/tracetools_launch:/home/nuc/ros2_rolling/install/topic_monitor:/home/nuc/ros2_rolling/install/tf2_tools:/home/nuc/ros2_rolling/install/examples_tf2_py:/home/nuc/ros2_rolling/install/tf2_ros_py:/home/nuc/ros2_rolling/install/sros2:/home/nuc/ros2_rolling/install/rqt_topic:/home/nuc/ros2_rolling/install/rqt_srv:/home/nuc/ros2_rolling/install/rqt_shell:/home/nuc/ros2_rolling/install/rqt_service_caller:/home/nuc/ros2_rolling/install/rqt_reconfigure:/home/nuc/ros2_rolling/install/rqt_py_console:/home/nuc/ros2_rolling/install/rqt_publisher:/home/nuc/ros2_rolling/install/rqt_plot:/home/nuc/ros2_rolling/install/rqt_action:/home/nuc/ros2_rolling/install/rqt_msg:/home/nuc/ros2_rolling/install/rqt_console:/home/nuc/ros2_rolling/install/rqt:/home/nuc/ros2_rolling/install/rqt_graph:/home/nuc/ros2_rolling/install/rqt_gui_py:/home/nuc/ros2_rolling/install/rqt_gui:/home/nuc/ros2_rolling/install/ros2trace:/home/nuc/ros2_rolling/install/ros2topic:/home/nuc/ros2_rolling/install/ros2test:/home/nuc/ros2_rolling/install/ros2component:/home/nuc/ros2_rolling/install/ros2param:/home/nuc/ros2_rolling/install/ros2lifecycle:/home/nuc/ros2_rolling/install/ros2service:/home/nuc/ros2_rolling/install/ros2run:/home/nuc/ros2_rolling/install/ros2launch:/home/nuc/ros2_rolling/install/ros2pkg:/home/nuc/ros2_rolling/install/ros2node:/home/nuc/ros2_rolling/install/ros2multicast:/home/nuc/ros2_rolling/install/ros2interface:/home/nuc/ros2_rolling/install/ros2doctor:/home/nuc/ros2_rolling/install/ros2action:/home/nuc/ros2_rolling/install/ros2cli:/home/nuc/ros2_rolling/install/quality_of_service_demo_py:/home/nuc/ros2_rolling/install/launch_testing_ros:/home/nuc/ros2_rolling/install/launch_ros:/home/nuc/ros2_rolling/install/examples_rclpy_pointcloud_publisher:/home/nuc/ros2_rolling/install/examples_rclpy_minimal_subscriber:/home/nuc/ros2_rolling/install/examples_rclpy_minimal_service:/home/nuc/ros2_rolling/install/examples_rclpy_minimal_publisher:/home/nuc/ros2_rolling/install/examples_rclpy_minimal_client:/home/nuc/ros2_rolling/install/examples_rclpy_minimal_action_server:/home/nuc/ros2_rolling/install/examples_rclpy_minimal_action_client:/home/nuc/ros2_rolling/install/examples_rclpy_guard_conditions:/home/nuc/ros2_rolling/install/examples_rclpy_executors:/home/nuc/ros2_rolling/install/demo_nodes_py:/home/nuc/ros2_rolling/install/action_tutorials_py:/home/nuc/ros2_rolling/install/ament_uncrustify:/home/nuc/ros2_rolling/install/tracetools_trace:/home/nuc/ros2_rolling/install/tracetools_read:/home/nuc/ros2_rolling/install/test_launch_ros:/home/nuc/ros2_rolling/install/sensor_msgs_py:/home/nuc/ros2_rolling/install/rpyutils:/home/nuc/ros2_rolling/install/rosidl_runtime_py:/home/nuc/ros2_rolling/install/rosidl_cli:/home/nuc/ros2_rolling/install/launch_yaml:/home/nuc/ros2_rolling/install/launch_xml:/home/nuc/ros2_rolling/install/launch_testing:/home/nuc/ros2_rolling/install/launch:/home/nuc/ros2_rolling/install/osrf_pycommon:/home/nuc/ros2_rolling/install/domain_coordinator:/home/nuc/ros2_rolling/install/ament_xmllint:/home/nuc/ros2_rolling/install/ament_pyflakes:/home/nuc/ros2_rolling/install/ament_pycodestyle:/home/nuc/ros2_rolling/install/ament_pep257:/home/nuc/ros2_rolling/install/ament_pclint:/home/nuc/ros2_rolling/install/ament_package:/home/nuc/ros2_rolling/install/ament_mypy:/home/nuc/ros2_rolling/install/ament_lint_cmake:/home/nuc/ros2_rolling/install/ament_flake8:/home/nuc/ros2_rolling/install/ament_copyright:/home/nuc/ros2_rolling/install/ament_lint:/home/nuc/ros2_rolling/install/ament_index_python:/home/nuc/ros2_rolling/install/ament_cpplint:/home/nuc/ros2_rolling/install/ament_cppcheck:/home/nuc/ros2_rolling/install/ament_clang_tidy:/home/nuc/ros2_rolling/install/ament_clang_format:/opt/ros/foxy /usr/bin/cmake /home/nuc/ros2_arm/src/arm_packet -DCMAKE_INSTALL_PREFIX=/home/nuc/ros2_arm/src/arm_packet/install/arm_packet
[2.699s] DEBUG:colcon.colcon_core.event_handler.log_command:Invoked command in '/home/nuc/ros2_arm/src/arm_packet/build/arm_packet' returned '1': CMAKE_PREFIX_PATH=${CMAKE_PREFIX_PATH}:/home/nuc/ros2_rolling/install/rqt_bag_plugins:/home/nuc/ros2_rolling/install/rqt_bag:/home/nuc/ros2_rolling/install/ros2bag:/home/nuc/ros2_rolling/install/tracetools_launch:/home/nuc/ros2_rolling/install/topic_monitor:/home/nuc/ros2_rolling/install/tf2_tools:/home/nuc/ros2_rolling/install/examples_tf2_py:/home/nuc/ros2_rolling/install/tf2_ros_py:/home/nuc/ros2_rolling/install/sros2:/home/nuc/ros2_rolling/install/rqt_topic:/home/nuc/ros2_rolling/install/rqt_srv:/home/nuc/ros2_rolling/install/rqt_shell:/home/nuc/ros2_rolling/install/rqt_service_caller:/home/nuc/ros2_rolling/install/rqt_reconfigure:/home/nuc/ros2_rolling/install/rqt_py_console:/home/nuc/ros2_rolling/install/rqt_publisher:/home/nuc/ros2_rolling/install/rqt_plot:/home/nuc/ros2_rolling/install/rqt_action:/home/nuc/ros2_rolling/install/rqt_msg:/home/nuc/ros2_rolling/install/rqt_console:/home/nuc/ros2_rolling/install/rqt:/home/nuc/ros2_rolling/install/rqt_graph:/home/nuc/ros2_rolling/install/rqt_gui_py:/home/nuc/ros2_rolling/install/rqt_gui:/home/nuc/ros2_rolling/install/ros2trace:/home/nuc/ros2_rolling/install/ros2topic:/home/nuc/ros2_rolling/install/ros2test:/home/nuc/ros2_rolling/install/ros2component:/home/nuc/ros2_rolling/install/ros2param:/home/nuc/ros2_rolling/install/ros2lifecycle:/home/nuc/ros2_rolling/install/ros2service:/home/nuc/ros2_rolling/install/ros2run:/home/nuc/ros2_rolling/install/ros2launch:/home/nuc/ros2_rolling/install/ros2pkg:/home/nuc/ros2_rolling/install/ros2node:/home/nuc/ros2_rolling/install/ros2multicast:/home/nuc/ros2_rolling/install/ros2interface:/home/nuc/ros2_rolling/install/ros2doctor:/home/nuc/ros2_rolling/install/ros2action:/home/nuc/ros2_rolling/install/ros2cli:/home/nuc/ros2_rolling/install/quality_of_service_demo_py:/home/nuc/ros2_rolling/install/launch_testing_ros:/home/nuc/ros2_rolling/install/launch_ros:/home/nuc/ros2_rolling/install/examples_rclpy_pointcloud_publisher:/home/nuc/ros2_rolling/install/examples_rclpy_minimal_subscriber:/home/nuc/ros2_rolling/install/examples_rclpy_minimal_service:/home/nuc/ros2_rolling/install/examples_rclpy_minimal_publisher:/home/nuc/ros2_rolling/install/examples_rclpy_minimal_client:/home/nuc/ros2_rolling/install/examples_rclpy_minimal_action_server:/home/nuc/ros2_rolling/install/examples_rclpy_minimal_action_client:/home/nuc/ros2_rolling/install/examples_rclpy_guard_conditions:/home/nuc/ros2_rolling/install/examples_rclpy_executors:/home/nuc/ros2_rolling/install/demo_nodes_py:/home/nuc/ros2_rolling/install/action_tutorials_py:/home/nuc/ros2_rolling/install/ament_uncrustify:/home/nuc/ros2_rolling/install/tracetools_trace:/home/nuc/ros2_rolling/install/tracetools_read:/home/nuc/ros2_rolling/install/test_launch_ros:/home/nuc/ros2_rolling/install/sensor_msgs_py:/home/nuc/ros2_rolling/install/rpyutils:/home/nuc/ros2_rolling/install/rosidl_runtime_py:/home/nuc/ros2_rolling/install/rosidl_cli:/home/nuc/ros2_rolling/install/launch_yaml:/home/nuc/ros2_rolling/install/launch_xml:/home/nuc/ros2_rolling/install/launch_testing:/home/nuc/ros2_rolling/install/launch:/home/nuc/ros2_rolling/install/osrf_pycommon:/home/nuc/ros2_rolling/install/domain_coordinator:/home/nuc/ros2_rolling/install/ament_xmllint:/home/nuc/ros2_rolling/install/ament_pyflakes:/home/nuc/ros2_rolling/install/ament_pycodestyle:/home/nuc/ros2_rolling/install/ament_pep257:/home/nuc/ros2_rolling/install/ament_pclint:/home/nuc/ros2_rolling/install/ament_package:/home/nuc/ros2_rolling/install/ament_mypy:/home/nuc/ros2_rolling/install/ament_lint_cmake:/home/nuc/ros2_rolling/install/ament_flake8:/home/nuc/ros2_rolling/install/ament_copyright:/home/nuc/ros2_rolling/install/ament_lint:/home/nuc/ros2_rolling/install/ament_index_python:/home/nuc/ros2_rolling/install/ament_cpplint:/home/nuc/ros2_rolling/install/ament_cppcheck:/home/nuc/ros2_rolling/install/ament_clang_tidy:/home/nuc/ros2_rolling/install/ament_clang_format:/opt/ros/foxy /usr/bin/cmake /home/nuc/ros2_arm/src/arm_packet -DCMAKE_INSTALL_PREFIX=/home/nuc/ros2_arm/src/arm_packet/install/arm_packet
[2.723s] Level 1:colcon.colcon_core.environment:create_environment_scripts_only(arm_packet)
[2.731s] Level 1:colcon.colcon_core.environment:checking '/home/nuc/ros2_arm/src/arm_packet/install/arm_packet' for CMake module files
[2.731s] Level 1:colcon.colcon_core.environment:checking '/home/nuc/ros2_arm/src/arm_packet/install/arm_packet' for CMake config files
[2.732s] Level 1:colcon.colcon_core.environment:checking '/home/nuc/ros2_arm/src/arm_packet/install/arm_packet/bin'
[2.732s] Level 1:colcon.colcon_core.environment:checking '/home/nuc/ros2_arm/src/arm_packet/install/arm_packet/lib/pkgconfig/arm_packet.pc'
[2.732s] Level 1:colcon.colcon_core.environment:checking '/home/nuc/ros2_arm/src/arm_packet/install/arm_packet/lib/python3.8/site-packages'
[2.733s] INFO:colcon.colcon_core.shell:Creating package script '/home/nuc/ros2_arm/src/arm_packet/install/arm_packet/share/arm_packet/package.ps1'
[2.734s] INFO:colcon.colcon_core.shell:Creating package descriptor '/home/nuc/ros2_arm/src/arm_packet/install/arm_packet/share/arm_packet/package.dsv'
[2.734s] INFO:colcon.colcon_core.shell:Creating package script '/home/nuc/ros2_arm/src/arm_packet/install/arm_packet/share/arm_packet/package.sh'
[2.734s] INFO:colcon.colcon_core.shell:Creating package script '/home/nuc/ros2_arm/src/arm_packet/install/arm_packet/share/arm_packet/package.bash'
[2.735s] INFO:colcon.colcon_core.shell:Creating package script '/home/nuc/ros2_arm/src/arm_packet/install/arm_packet/share/arm_packet/package.zsh'
[2.736s] Level 1:colcon.colcon_core.environment:create_file_with_runtime_dependencies(/home/nuc/ros2_arm/src/arm_packet/install/arm_packet/share/colcon-core/packages/arm_packet)
[2.746s] DEBUG:colcon.colcon_parallel_executor.executor.parallel:closing loop
[2.746s] DEBUG:colcon.colcon_parallel_executor.executor.parallel:loop closed
[2.746s] DEBUG:colcon.colcon_parallel_executor.executor.parallel:run_until_complete finished with '1'
[2.747s] DEBUG:colcon.colcon_core.event_reactor:joining thread
[2.759s] INFO:colcon.colcon_core.plugin_system:Skipping extension 'colcon_notification.desktop_notification.terminal_notifier': Not used on non-Darwin systems
[2.759s] INFO:colcon.colcon_core.plugin_system:Skipping extension 'colcon_notification.desktop_notification.win32': Not used on non-Windows systems
[2.759s] INFO:colcon.colcon_notification.desktop_notification:Sending desktop notification using 'notify2'
[2.774s] DEBUG:colcon.colcon_core.event_reactor:joined thread
[2.775s] INFO:colcon.colcon_core.shell:Creating prefix script '/home/nuc/ros2_arm/src/arm_packet/install/local_setup.ps1'
[2.775s] INFO:colcon.colcon_core.shell:Creating prefix util module '/home/nuc/ros2_arm/src/arm_packet/install/_local_setup_util_ps1.py'
[2.776s] INFO:colcon.colcon_core.shell:Creating prefix chain script '/home/nuc/ros2_arm/src/arm_packet/install/setup.ps1'
[2.791s] INFO:colcon.colcon_core.shell:Creating prefix script '/home/nuc/ros2_arm/src/arm_packet/install/local_setup.sh'
[2.791s] INFO:colcon.colcon_core.shell:Creating prefix util module '/home/nuc/ros2_arm/src/arm_packet/install/_local_setup_util_sh.py'
[2.792s] INFO:colcon.colcon_core.shell:Creating prefix chain script '/home/nuc/ros2_arm/src/arm_packet/install/setup.sh'
[2.807s] INFO:colcon.colcon_core.shell:Creating prefix script '/home/nuc/ros2_arm/src/arm_packet/install/local_setup.bash'
[2.808s] INFO:colcon.colcon_core.shell:Creating prefix chain script '/home/nuc/ros2_arm/src/arm_packet/install/setup.bash'
[2.823s] INFO:colcon.colcon_core.shell:Creating prefix script '/home/nuc/ros2_arm/src/arm_packet/install/local_setup.zsh'
[2.823s] INFO:colcon.colcon_core.shell:Creating prefix chain script '/home/nuc/ros2_arm/src/arm_packet/install/setup.zsh'
