-- Found ament_cmake: 1.1.3 (/home/nuc/ros2_rolling/install/ament_cmake/share/ament_cmake/cmake)
-- Using PYTHON_EXECUTABLE: /usr/bin/python3
-- Found rclcpp: 9.0.2 (/home/nuc/ros2_rolling/install/rclcpp/share/rclcpp/cmake)
-- Using all available rosidl_typesupport_c: rosidl_typesupport_introspection_c;rosidl_typesupport_fastrtps_c
-- Found rosidl_adapter: 2.2.1 (/home/nuc/ros2_rolling/install/rosidl_adapter/share/rosidl_adapter/cmake)
-- Using all available rosidl_typesupport_cpp: rosidl_typesupport_introspection_cpp;rosidl_typesupport_fastrtps_cpp
-- Found rmw_implementation_cmake: 3.3.0 (/home/nuc/ros2_rolling/install/rmw_implementation_cmake/share/rmw_implementation_cmake/cmake)
-- Found rmw_cyclonedds_cpp: 0.22.1 (/home/nuc/ros2_rolling/install/rmw_cyclonedds_cpp/share/rmw_cyclonedds_cpp/cmake)
-- Using RMW implementation 'rmw_cyclonedds_cpp' as default
-- Found sensor_msgs: 2.2.2 (/home/nuc/ros2_rolling/install/sensor_msgs/share/sensor_msgs/cmake)
-- Found dynamixel_sdk: 3.7.40 (/opt/ros/foxy/share/dynamixel_sdk/cmake)
CMake Error at CMakeLists.txt:17 (find_package):
  By not providing "Finddynamixel_workbench_toolbox.cmake" in
  CMAKE_MODULE_PATH this project has asked CMake to find a package
  configuration file provided by "dynamixel_workbench_toolbox", but CMake did
  not find one.

  Could not find a package configuration file provided by
  "dynamixel_workbench_toolbox" with any of the following names:

    dynamixel_workbench_toolboxConfig.cmake
    dynamixel_workbench_toolbox-config.cmake

  Add the installation prefix of "dynamixel_workbench_toolbox" to
  CMAKE_PREFIX_PATH or set "dynamixel_workbench_toolbox_DIR" to a directory
  containing one of the above files.  If "dynamixel_workbench_toolbox"
  provides a separate development package or SDK, be sure it has been
  installed.


-- Configuring incomplete, errors occurred!
See also "/home/nuc/ros2_arm/src/arm_packet/build/arm_packet/CMakeFiles/CMakeOutput.log".
See also "/home/nuc/ros2_arm/src/arm_packet/build/arm_packet/CMakeFiles/CMakeError.log".
make: *** [Makefile:310: cmake_check_build_system] Error 1
