[0.043s] Invoking command in '/home/nuc/ros2_arm/src/arm_packet/build/arm_packet': CMAKE_PREFIX_PATH=${CMAKE_PREFIX_PATH}:/home/nuc/ros2_rolling/install/rqt_bag_plugins:/home/nuc/ros2_rolling/install/rqt_bag:/home/nuc/ros2_rolling/install/ros2bag:/home/nuc/ros2_rolling/install/tracetools_launch:/home/nuc/ros2_rolling/install/topic_monitor:/home/nuc/ros2_rolling/install/tf2_tools:/home/nuc/ros2_rolling/install/examples_tf2_py:/home/nuc/ros2_rolling/install/tf2_ros_py:/home/nuc/ros2_rolling/install/sros2:/home/nuc/ros2_rolling/install/rqt_topic:/home/nuc/ros2_rolling/install/rqt_srv:/home/nuc/ros2_rolling/install/rqt_shell:/home/nuc/ros2_rolling/install/rqt_service_caller:/home/nuc/ros2_rolling/install/rqt_reconfigure:/home/nuc/ros2_rolling/install/rqt_py_console:/home/nuc/ros2_rolling/install/rqt_publisher:/home/nuc/ros2_rolling/install/rqt_plot:/home/nuc/ros2_rolling/install/rqt_action:/home/nuc/ros2_rolling/install/rqt_msg:/home/nuc/ros2_rolling/install/rqt_console:/home/nuc/ros2_rolling/install/rqt:/home/nuc/ros2_rolling/install/rqt_graph:/home/nuc/ros2_rolling/install/rqt_gui_py:/home/nuc/ros2_rolling/install/rqt_gui:/home/nuc/ros2_rolling/install/ros2trace:/home/nuc/ros2_rolling/install/ros2topic:/home/nuc/ros2_rolling/install/ros2test:/home/nuc/ros2_rolling/install/ros2component:/home/nuc/ros2_rolling/install/ros2param:/home/nuc/ros2_rolling/install/ros2lifecycle:/home/nuc/ros2_rolling/install/ros2service:/home/nuc/ros2_rolling/install/ros2run:/home/nuc/ros2_rolling/install/ros2launch:/home/nuc/ros2_rolling/install/ros2pkg:/home/nuc/ros2_rolling/install/ros2node:/home/nuc/ros2_rolling/install/ros2multicast:/home/nuc/ros2_rolling/install/ros2interface:/home/nuc/ros2_rolling/install/ros2doctor:/home/nuc/ros2_rolling/install/ros2action:/home/nuc/ros2_rolling/install/ros2cli:/home/nuc/ros2_rolling/install/quality_of_service_demo_py:/home/nuc/ros2_rolling/install/launch_testing_ros:/home/nuc/ros2_rolling/install/launch_ros:/home/nuc/ros2_rolling/install/examples_rclpy_pointcloud_publisher:/home/nuc/ros2_rolling/install/examples_rclpy_minimal_subscriber:/home/nuc/ros2_rolling/install/examples_rclpy_minimal_service:/home/nuc/ros2_rolling/install/examples_rclpy_minimal_publisher:/home/nuc/ros2_rolling/install/examples_rclpy_minimal_client:/home/nuc/ros2_rolling/install/examples_rclpy_minimal_action_server:/home/nuc/ros2_rolling/install/examples_rclpy_minimal_action_client:/home/nuc/ros2_rolling/install/examples_rclpy_guard_conditions:/home/nuc/ros2_rolling/install/examples_rclpy_executors:/home/nuc/ros2_rolling/install/demo_nodes_py:/home/nuc/ros2_rolling/install/action_tutorials_py:/home/nuc/ros2_rolling/install/ament_uncrustify:/home/nuc/ros2_rolling/install/tracetools_trace:/home/nuc/ros2_rolling/install/tracetools_read:/home/nuc/ros2_rolling/install/test_launch_ros:/home/nuc/ros2_rolling/install/sensor_msgs_py:/home/nuc/ros2_rolling/install/rpyutils:/home/nuc/ros2_rolling/install/rosidl_runtime_py:/home/nuc/ros2_rolling/install/rosidl_cli:/home/nuc/ros2_rolling/install/launch_yaml:/home/nuc/ros2_rolling/install/launch_xml:/home/nuc/ros2_rolling/install/launch_testing:/home/nuc/ros2_rolling/install/launch:/home/nuc/ros2_rolling/install/osrf_pycommon:/home/nuc/ros2_rolling/install/domain_coordinator:/home/nuc/ros2_rolling/install/ament_xmllint:/home/nuc/ros2_rolling/install/ament_pyflakes:/home/nuc/ros2_rolling/install/ament_pycodestyle:/home/nuc/ros2_rolling/install/ament_pep257:/home/nuc/ros2_rolling/install/ament_pclint:/home/nuc/ros2_rolling/install/ament_package:/home/nuc/ros2_rolling/install/ament_mypy:/home/nuc/ros2_rolling/install/ament_lint_cmake:/home/nuc/ros2_rolling/install/ament_flake8:/home/nuc/ros2_rolling/install/ament_copyright:/home/nuc/ros2_rolling/install/ament_lint:/home/nuc/ros2_rolling/install/ament_index_python:/home/nuc/ros2_rolling/install/ament_cpplint:/home/nuc/ros2_rolling/install/ament_cppcheck:/home/nuc/ros2_rolling/install/ament_clang_tidy:/home/nuc/ros2_rolling/install/ament_clang_format:/opt/ros/foxy /usr/bin/cmake --build /home/nuc/ros2_arm/src/arm_packet/build/arm_packet -- -j4 -l4
[0.100s] -- Found ament_cmake: 1.1.3 (/home/nuc/ros2_rolling/install/ament_cmake/share/ament_cmake/cmake)
[0.467s] -- Using PYTHON_EXECUTABLE: /usr/bin/python3
[0.932s] -- Found rclcpp: 9.0.2 (/home/nuc/ros2_rolling/install/rclcpp/share/rclcpp/cmake)
[1.028s] -- Using all available rosidl_typesupport_c: rosidl_typesupport_introspection_c;rosidl_typesupport_fastrtps_c
[1.032s] -- Found rosidl_adapter: 2.2.1 (/home/nuc/ros2_rolling/install/rosidl_adapter/share/rosidl_adapter/cmake)
[1.272s] -- Using all available rosidl_typesupport_cpp: rosidl_typesupport_introspection_cpp;rosidl_typesupport_fastrtps_cpp
[1.326s] -- Found rmw_implementation_cmake: 3.3.0 (/home/nuc/ros2_rolling/install/rmw_implementation_cmake/share/rmw_implementation_cmake/cmake)
[1.357s] -- Found rmw_cyclonedds_cpp: 0.22.1 (/home/nuc/ros2_rolling/install/rmw_cyclonedds_cpp/share/rmw_cyclonedds_cpp/cmake)
[1.403s] -- Using RMW implementation 'rmw_cyclonedds_cpp' as default
[1.542s] -- Found sensor_msgs: 2.2.2 (/home/nuc/ros2_rolling/install/sensor_msgs/share/sensor_msgs/cmake)
[1.657s] -- Found dynamixel_sdk: 3.7.40 (/opt/ros/foxy/share/dynamixel_sdk/cmake)
[1.686s] CMake Error at CMakeLists.txt:17 (find_package):
[1.686s]   By not providing "Finddynamixel_workbench_toolbox.cmake" in
[1.686s]   CMAKE_MODULE_PATH this project has asked CMake to find a package
[1.686s]   configuration file provided by "dynamixel_workbench_toolbox", but CMake did
[1.686s]   not find one.
[1.686s] 
[1.686s]   Could not find a package configuration file provided by
[1.686s]   "dynamixel_workbench_toolbox" with any of the following names:
[1.687s] 
[1.687s]     dynamixel_workbench_toolboxConfig.cmake
[1.687s]     dynamixel_workbench_toolbox-config.cmake
[1.687s] 
[1.687s]   Add the installation prefix of "dynamixel_workbench_toolbox" to
[1.687s]   CMAKE_PREFIX_PATH or set "dynamixel_workbench_toolbox_DIR" to a directory
[1.687s]   containing one of the above files.  If "dynamixel_workbench_toolbox"
[1.687s]   provides a separate development package or SDK, be sure it has been
[1.687s]   installed.
[1.687s] 
[1.687s] 
[1.688s] -- Configuring incomplete, errors occurred!
[1.688s] See also "/home/nuc/ros2_arm/src/arm_packet/build/arm_packet/CMakeFiles/CMakeOutput.log".
[1.689s] See also "/home/nuc/ros2_arm/src/arm_packet/build/arm_packet/CMakeFiles/CMakeError.log".
[1.695s] make: *** [Makefile:310: cmake_check_build_system] Error 1
[1.696s] Invoked command in '/home/nuc/ros2_arm/src/arm_packet/build/arm_packet' returned '2': CMAKE_PREFIX_PATH=${CMAKE_PREFIX_PATH}:/home/nuc/ros2_rolling/install/rqt_bag_plugins:/home/nuc/ros2_rolling/install/rqt_bag:/home/nuc/ros2_rolling/install/ros2bag:/home/nuc/ros2_rolling/install/tracetools_launch:/home/nuc/ros2_rolling/install/topic_monitor:/home/nuc/ros2_rolling/install/tf2_tools:/home/nuc/ros2_rolling/install/examples_tf2_py:/home/nuc/ros2_rolling/install/tf2_ros_py:/home/nuc/ros2_rolling/install/sros2:/home/nuc/ros2_rolling/install/rqt_topic:/home/nuc/ros2_rolling/install/rqt_srv:/home/nuc/ros2_rolling/install/rqt_shell:/home/nuc/ros2_rolling/install/rqt_service_caller:/home/nuc/ros2_rolling/install/rqt_reconfigure:/home/nuc/ros2_rolling/install/rqt_py_console:/home/nuc/ros2_rolling/install/rqt_publisher:/home/nuc/ros2_rolling/install/rqt_plot:/home/nuc/ros2_rolling/install/rqt_action:/home/nuc/ros2_rolling/install/rqt_msg:/home/nuc/ros2_rolling/install/rqt_console:/home/nuc/ros2_rolling/install/rqt:/home/nuc/ros2_rolling/install/rqt_graph:/home/nuc/ros2_rolling/install/rqt_gui_py:/home/nuc/ros2_rolling/install/rqt_gui:/home/nuc/ros2_rolling/install/ros2trace:/home/nuc/ros2_rolling/install/ros2topic:/home/nuc/ros2_rolling/install/ros2test:/home/nuc/ros2_rolling/install/ros2component:/home/nuc/ros2_rolling/install/ros2param:/home/nuc/ros2_rolling/install/ros2lifecycle:/home/nuc/ros2_rolling/install/ros2service:/home/nuc/ros2_rolling/install/ros2run:/home/nuc/ros2_rolling/install/ros2launch:/home/nuc/ros2_rolling/install/ros2pkg:/home/nuc/ros2_rolling/install/ros2node:/home/nuc/ros2_rolling/install/ros2multicast:/home/nuc/ros2_rolling/install/ros2interface:/home/nuc/ros2_rolling/install/ros2doctor:/home/nuc/ros2_rolling/install/ros2action:/home/nuc/ros2_rolling/install/ros2cli:/home/nuc/ros2_rolling/install/quality_of_service_demo_py:/home/nuc/ros2_rolling/install/launch_testing_ros:/home/nuc/ros2_rolling/install/launch_ros:/home/nuc/ros2_rolling/install/examples_rclpy_pointcloud_publisher:/home/nuc/ros2_rolling/install/examples_rclpy_minimal_subscriber:/home/nuc/ros2_rolling/install/examples_rclpy_minimal_service:/home/nuc/ros2_rolling/install/examples_rclpy_minimal_publisher:/home/nuc/ros2_rolling/install/examples_rclpy_minimal_client:/home/nuc/ros2_rolling/install/examples_rclpy_minimal_action_server:/home/nuc/ros2_rolling/install/examples_rclpy_minimal_action_client:/home/nuc/ros2_rolling/install/examples_rclpy_guard_conditions:/home/nuc/ros2_rolling/install/examples_rclpy_executors:/home/nuc/ros2_rolling/install/demo_nodes_py:/home/nuc/ros2_rolling/install/action_tutorials_py:/home/nuc/ros2_rolling/install/ament_uncrustify:/home/nuc/ros2_rolling/install/tracetools_trace:/home/nuc/ros2_rolling/install/tracetools_read:/home/nuc/ros2_rolling/install/test_launch_ros:/home/nuc/ros2_rolling/install/sensor_msgs_py:/home/nuc/ros2_rolling/install/rpyutils:/home/nuc/ros2_rolling/install/rosidl_runtime_py:/home/nuc/ros2_rolling/install/rosidl_cli:/home/nuc/ros2_rolling/install/launch_yaml:/home/nuc/ros2_rolling/install/launch_xml:/home/nuc/ros2_rolling/install/launch_testing:/home/nuc/ros2_rolling/install/launch:/home/nuc/ros2_rolling/install/osrf_pycommon:/home/nuc/ros2_rolling/install/domain_coordinator:/home/nuc/ros2_rolling/install/ament_xmllint:/home/nuc/ros2_rolling/install/ament_pyflakes:/home/nuc/ros2_rolling/install/ament_pycodestyle:/home/nuc/ros2_rolling/install/ament_pep257:/home/nuc/ros2_rolling/install/ament_pclint:/home/nuc/ros2_rolling/install/ament_package:/home/nuc/ros2_rolling/install/ament_mypy:/home/nuc/ros2_rolling/install/ament_lint_cmake:/home/nuc/ros2_rolling/install/ament_flake8:/home/nuc/ros2_rolling/install/ament_copyright:/home/nuc/ros2_rolling/install/ament_lint:/home/nuc/ros2_rolling/install/ament_index_python:/home/nuc/ros2_rolling/install/ament_cpplint:/home/nuc/ros2_rolling/install/ament_cppcheck:/home/nuc/ros2_rolling/install/ament_clang_tidy:/home/nuc/ros2_rolling/install/ament_clang_format:/opt/ros/foxy /usr/bin/cmake --build /home/nuc/ros2_arm/src/arm_packet/build/arm_packet -- -j4 -l4
